2025-05-17 16:18:25 - INFO - jogador.JPG - Crop 0 salvo como results/yolo/crops/jogador_crop_0.jpeg
2025-05-17 16:18:25 - INFO - jogador.JPG - Crop 1 salvo como results/yolo/crops/jogador_crop_1.jpeg
2025-05-17 16:18:25 - INFO - jogador.JPG - Categoria: person - Tamanho: 219464.6 px²
2025-05-17 16:18:25 - INFO - jogador.JPG - Categoria: person - Tamanho: 1804484.4 px²
2025-05-18 14:54:27 - INFO - jogador.JPG - Crop 0 salvo como results/yolo/crops/jogador_crop_0.jpeg
2025-05-18 14:54:27 - INFO - jogador.JPG - Crop 1 salvo como results/yolo/crops/jogador_crop_1.jpeg
2025-05-18 14:54:27 - INFO - jogador.JPG - Categoria: person - Tamanho: 219464.6 px²
2025-05-18 14:54:27 - INFO - jogador.JPG - Categoria: person - Tamanho: 1804484.7 px²
2025-05-18 12:19:12 - INFO - jogador.JPG - Crop 0 salvo como results/yolo/crops/jogador_crop_0.jpeg
2025-05-18 12:19:12 - INFO - jogador.JPG - Crop 1 salvo como results/yolo/crops/jogador_crop_1.jpeg
2025-05-18 12:19:12 - INFO - jogador.JPG - Categoria: person - Tamanho: 219464.6 px²
2025-05-18 12:19:12 - INFO - jogador.JPG - Categoria: person - Tamanho: 1804484.4 px²
2025-05-18 20:06:01 - INFO - jogador.JPG - Crop 0 salvo como results/yolo/crops/jogador_crop_0.jpeg
2025-05-18 20:06:01 - INFO - jogador.JPG - Crop 1 salvo como results/yolo/crops/jogador_crop_1.jpeg
2025-05-18 20:06:01 - INFO - jogador.JPG - Categoria: person - Tamanho: 219464.6 px²
2025-05-18 20:06:01 - INFO - jogador.JPG - Categoria: person - Tamanho: 1804484.7 px²
2025-05-19 01:33:57 - INFO - IMG_3708.JPG - Crop 0 salvo como results/yolo/crops/IMG_3708_crop_0.jpeg
2025-05-19 01:33:57 - INFO - IMG_3708.JPG - Categoria: person - Tamanho: 1192757.9 px²
2025-05-19 02:46:00 - INFO - IMG_3708.JPG - Crop 0 salvo como results/yolo/crops/IMG_3708_crop_0.jpeg
2025-05-19 02:46:00 - INFO - IMG_3708.JPG - Categoria: person - Tamanho: 1192757.9 px²
2025-05-19 03:05:26 - INFO - IMG_3708.JPG - Crop 0 salvo como results/yolo/crops/IMG_3708_crop_0.jpeg
2025-05-19 03:05:26 - INFO - IMG_3708.JPG - Categoria: person - Tamanho: 1192757.9 px²
2025-05-19 03:43:23 - INFO - IMG_3708.JPG - Crop 0 salvo como results/yolo/crops/IMG_3708_crop_0.jpeg
2025-05-19 03:43:23 - INFO - IMG_3708.JPG - Categoria: person - Tamanho: 1192757.9 px²
2025-05-20 15:35:37 - INFO - grupo.jpg - Crop 0 salvo como results/yolo/crops/grupo_crop_0.jpeg
2025-05-20 15:35:38 - INFO - grupo.jpg - Crop 1 salvo como results/yolo/crops/grupo_crop_1.jpeg
2025-05-20 15:35:38 - INFO - grupo.jpg - Crop 2 salvo como results/yolo/crops/grupo_crop_2.jpeg
2025-05-20 15:35:38 - INFO - grupo.jpg - Crop 3 salvo como results/yolo/crops/grupo_crop_3.jpeg
2025-05-20 15:35:38 - INFO - grupo.jpg - Crop 4 salvo como results/yolo/crops/grupo_crop_4.jpeg
2025-05-20 15:35:38 - INFO - grupo.jpg - Crop 5 salvo como results/yolo/crops/grupo_crop_5.jpeg
2025-05-20 15:35:38 - INFO - grupo.jpg - Crop 6 salvo como results/yolo/crops/grupo_crop_6.jpeg
2025-05-20 15:35:38 - INFO - grupo.jpg - Crop 7 salvo como results/yolo/crops/grupo_crop_7.jpeg
2025-05-20 15:35:38 - INFO - grupo.jpg - Crop 8 salvo como results/yolo/crops/grupo_crop_8.jpeg
2025-05-20 15:35:38 - INFO - grupo.jpg - Categoria: person - Tamanho: 77134.7 px²
2025-05-20 15:35:38 - INFO - grupo.jpg - Categoria: person - Tamanho: 59570.0 px²
2025-05-20 15:35:38 - INFO - grupo.jpg - Categoria: person - Tamanho: 73430.4 px²
2025-05-20 15:35:38 - INFO - grupo.jpg - Categoria: person - Tamanho: 54868.9 px²
2025-05-20 15:35:38 - INFO - grupo.jpg - Categoria: person - Tamanho: 19052.7 px²
2025-05-20 15:35:38 - INFO - grupo.jpg - Categoria: backpack - Tamanho: 6260.9 px²
2025-05-20 15:35:38 - INFO - grupo.jpg - Categoria: backpack - Tamanho: 22033.4 px²
2025-05-20 15:35:38 - INFO - grupo.jpg - Categoria: backpack - Tamanho: 10633.2 px²
2025-05-20 15:35:38 - INFO - grupo.jpg - Categoria: backpack - Tamanho: 12084.9 px²
